!SESSION 2018-01-11 09:28:07.622 -----------------------------------------------
eclipse.buildId=unknown
java.version=1.8.0_111
java.vendor=Oracle Corporation
BootLoader constants: OS=win32, ARCH=x86_64, WS=win32, NL=it_IT
Command-line arguments:  -dev file:C:/Users/claudio/eclipse-workspace-oxygen/cyberGeaExample/.metadata/.plugins/org.eclipse.pde.core/CyberGea_conf/dev.properties -os win32 -ws win32 -arch x86_64 -consoleLog -console

!ENTRY org.apache.felix.http.jetty 4 0 2018-01-11 09:28:09.154
!MESSAGE Failed to start Connector: ServerConnector@35be938e{HTTP/1.1,[http/1.1]}{0.0.0.0:8080}
!STACK 0
java.net.BindException: Address already in use: bind
	at sun.nio.ch.Net.bind0(Native Method)
	at sun.nio.ch.Net.bind(Unknown Source)
	at sun.nio.ch.Net.bind(Unknown Source)
	at sun.nio.ch.ServerSocketChannelImpl.bind(Unknown Source)
	at sun.nio.ch.ServerSocketAdaptor.bind(Unknown Source)
	at org.eclipse.jetty.server.ServerConnector.openAcceptChannel(ServerConnector.java:351)
	at org.eclipse.jetty.server.ServerConnector.open(ServerConnector.java:319)
	at org.eclipse.jetty.server.AbstractNetworkConnector.doStart(AbstractNetworkConnector.java:80)
	at org.eclipse.jetty.server.ServerConnector.doStart(ServerConnector.java:235)
	at org.eclipse.jetty.util.component.AbstractLifeCycle.start(AbstractLifeCycle.java:68)
	at org.apache.felix.http.jetty.internal.JettyService.startConnector(JettyService.java:652)
	at org.apache.felix.http.jetty.internal.JettyService.initializeHttp(JettyService.java:498)
	at org.apache.felix.http.jetty.internal.JettyService.initializeJetty(JettyService.java:396)
	at org.apache.felix.http.jetty.internal.JettyService.startJetty(JettyService.java:285)
	at org.apache.felix.http.jetty.internal.JettyService.start(JettyService.java:145)
	at org.apache.felix.http.jetty.internal.JettyActivator.doStart(JettyActivator.java:63)
	at org.apache.felix.http.base.internal.AbstractActivator.start(AbstractActivator.java:42)
	at org.eclipse.osgi.internal.framework.BundleContextImpl$3.run(BundleContextImpl.java:779)
	at org.eclipse.osgi.internal.framework.BundleContextImpl$3.run(BundleContextImpl.java:1)
	at java.security.AccessController.doPrivileged(Native Method)
	at org.eclipse.osgi.internal.framework.BundleContextImpl.startActivator(BundleContextImpl.java:772)
	at org.eclipse.osgi.internal.framework.BundleContextImpl.start(BundleContextImpl.java:729)
	at org.eclipse.osgi.internal.framework.EquinoxBundle.startWorker0(EquinoxBundle.java:933)
	at org.eclipse.osgi.internal.framework.EquinoxBundle$EquinoxModule.startWorker(EquinoxBundle.java:309)
	at org.eclipse.osgi.container.Module.doStart(Module.java:581)
	at org.eclipse.osgi.container.Module.start(Module.java:449)
	at org.eclipse.osgi.container.ModuleContainer$ContainerStartLevel.incStartLevel(ModuleContainer.java:1634)
	at org.eclipse.osgi.container.ModuleContainer$ContainerStartLevel.incStartLevel(ModuleContainer.java:1614)
	at org.eclipse.osgi.container.ModuleContainer$ContainerStartLevel.doContainerStartLevel(ModuleContainer.java:1585)
	at org.eclipse.osgi.container.ModuleContainer$ContainerStartLevel.dispatchEvent(ModuleContainer.java:1528)
	at org.eclipse.osgi.container.ModuleContainer$ContainerStartLevel.dispatchEvent(ModuleContainer.java:1)
	at org.eclipse.osgi.framework.eventmgr.EventManager.dispatchEvent(EventManager.java:230)
	at org.eclipse.osgi.framework.eventmgr.EventManager$EventThread.run(EventManager.java:340)

!ENTRY org.apache.felix.http.jetty 4 0 2018-01-11 09:28:09.305
!MESSAGE Jetty stopped (no connectors available)

!ENTRY org.apache.felix.http.jetty 4 0 2018-01-11 09:28:09.310
!MESSAGE Exception while initializing Jetty.
!STACK 0
java.lang.NullPointerException
	at org.apache.felix.http.jetty.internal.JettyService.initializeJetty(JettyService.java:441)
	at org.apache.felix.http.jetty.internal.JettyService.startJetty(JettyService.java:285)
	at org.apache.felix.http.jetty.internal.JettyService.start(JettyService.java:145)
	at org.apache.felix.http.jetty.internal.JettyActivator.doStart(JettyActivator.java:63)
	at org.apache.felix.http.base.internal.AbstractActivator.start(AbstractActivator.java:42)
	at org.eclipse.osgi.internal.framework.BundleContextImpl$3.run(BundleContextImpl.java:779)
	at org.eclipse.osgi.internal.framework.BundleContextImpl$3.run(BundleContextImpl.java:1)
	at java.security.AccessController.doPrivileged(Native Method)
	at org.eclipse.osgi.internal.framework.BundleContextImpl.startActivator(BundleContextImpl.java:772)
	at org.eclipse.osgi.internal.framework.BundleContextImpl.start(BundleContextImpl.java:729)
	at org.eclipse.osgi.internal.framework.EquinoxBundle.startWorker0(EquinoxBundle.java:933)
	at org.eclipse.osgi.internal.framework.EquinoxBundle$EquinoxModule.startWorker(EquinoxBundle.java:309)
	at org.eclipse.osgi.container.Module.doStart(Module.java:581)
	at org.eclipse.osgi.container.Module.start(Module.java:449)
	at org.eclipse.osgi.container.ModuleContainer$ContainerStartLevel.incStartLevel(ModuleContainer.java:1634)
	at org.eclipse.osgi.container.ModuleContainer$ContainerStartLevel.incStartLevel(ModuleContainer.java:1614)
	at org.eclipse.osgi.container.ModuleContainer$ContainerStartLevel.doContainerStartLevel(ModuleContainer.java:1585)
	at org.eclipse.osgi.container.ModuleContainer$ContainerStartLevel.dispatchEvent(ModuleContainer.java:1528)
	at org.eclipse.osgi.container.ModuleContainer$ContainerStartLevel.dispatchEvent(ModuleContainer.java:1)
	at org.eclipse.osgi.framework.eventmgr.EventManager.dispatchEvent(EventManager.java:230)
	at org.eclipse.osgi.framework.eventmgr.EventManager$EventThread.run(EventManager.java:340)
