!SESSION 2018-01-13 08:56:32.295 -----------------------------------------------
eclipse.buildId=unknown
java.version=1.8.0_111
java.vendor=Oracle Corporation
BootLoader constants: OS=win32, ARCH=x86_64, WS=win32, NL=it_IT
Command-line arguments:  -dev file:C:/Users/claudio/eclipse-workspace-oxygen/cyberGeaExample/.metadata/.plugins/org.eclipse.pde.core/CyberGea_conf/dev.properties -os win32 -ws win32 -arch x86_64 -consoleLog -console

!ENTRY org.cyberGea.dbManager 4 0 2018-01-13 08:56:33.283
!MESSAGE FrameworkEvent ERROR
!STACK 0
org.osgi.framework.BundleException: Exception in org.cybergea.dbmanager.Activator.start() of bundle org.cyberGea.dbManager.
	at org.eclipse.osgi.internal.framework.BundleContextImpl.startActivator(BundleContextImpl.java:800)
	at org.eclipse.osgi.internal.framework.BundleContextImpl.start(BundleContextImpl.java:729)
	at org.eclipse.osgi.internal.framework.EquinoxBundle.startWorker0(EquinoxBundle.java:933)
	at org.eclipse.osgi.internal.framework.EquinoxBundle$EquinoxModule.startWorker(EquinoxBundle.java:309)
	at org.eclipse.osgi.container.Module.doStart(Module.java:581)
	at org.eclipse.osgi.container.Module.start(Module.java:449)
	at org.eclipse.osgi.container.ModuleContainer$ContainerStartLevel.incStartLevel(ModuleContainer.java:1634)
	at org.eclipse.osgi.container.ModuleContainer$ContainerStartLevel.incStartLevel(ModuleContainer.java:1614)
	at org.eclipse.osgi.container.ModuleContainer$ContainerStartLevel.doContainerStartLevel(ModuleContainer.java:1585)
	at org.eclipse.osgi.container.SystemModule.startWorker(SystemModule.java:264)
	at org.eclipse.osgi.container.Module.doStart(Module.java:581)
	at org.eclipse.osgi.container.Module.start(Module.java:449)
	at org.eclipse.osgi.container.SystemModule.start(SystemModule.java:188)
	at org.eclipse.osgi.internal.framework.EquinoxBundle.start(EquinoxBundle.java:383)
	at org.eclipse.osgi.internal.framework.EquinoxBundle.start(EquinoxBundle.java:402)
	at org.eclipse.osgi.launch.Equinox.start(Equinox.java:115)
	at org.eclipse.core.runtime.adaptor.EclipseStarter.startup(EclipseStarter.java:326)
	at org.eclipse.core.runtime.adaptor.EclipseStarter.run(EclipseStarter.java:239)
	at sun.reflect.NativeMethodAccessorImpl.invoke0(Native Method)
	at sun.reflect.NativeMethodAccessorImpl.invoke(Unknown Source)
	at sun.reflect.DelegatingMethodAccessorImpl.invoke(Unknown Source)
	at java.lang.reflect.Method.invoke(Unknown Source)
	at org.eclipse.equinox.launcher.Main.invokeFramework(Main.java:653)
	at org.eclipse.equinox.launcher.Main.basicRun(Main.java:590)
	at org.eclipse.equinox.launcher.Main.run(Main.java:1499)
	at org.eclipse.equinox.launcher.Main.main(Main.java:1472)
Caused by: java.util.regex.PatternSyntaxException: Unclosed character class near index 0
[
^
	at java.util.regex.Pattern.error(Unknown Source)
	at java.util.regex.Pattern.clazz(Unknown Source)
	at java.util.regex.Pattern.sequence(Unknown Source)
	at java.util.regex.Pattern.expr(Unknown Source)
	at java.util.regex.Pattern.compile(Unknown Source)
	at java.util.regex.Pattern.<init>(Unknown Source)
	at java.util.regex.Pattern.compile(Unknown Source)
	at java.lang.String.replaceAll(Unknown Source)
	at org.cybergea.dbmanager.provider.CropData.getProductbySeason(CropData.java:102)
	at org.cybergea.dbmanager.Activator.start(Activator.java:32)
	at org.eclipse.osgi.internal.framework.BundleContextImpl$3.run(BundleContextImpl.java:779)
	at org.eclipse.osgi.internal.framework.BundleContextImpl$3.run(BundleContextImpl.java:1)
	at java.security.AccessController.doPrivileged(Native Method)
	at org.eclipse.osgi.internal.framework.BundleContextImpl.startActivator(BundleContextImpl.java:772)
	... 25 more
Root exception:
java.util.regex.PatternSyntaxException: Unclosed character class near index 0
[
^
	at java.util.regex.Pattern.error(Unknown Source)
	at java.util.regex.Pattern.clazz(Unknown Source)
	at java.util.regex.Pattern.sequence(Unknown Source)
	at java.util.regex.Pattern.expr(Unknown Source)
	at java.util.regex.Pattern.compile(Unknown Source)
	at java.util.regex.Pattern.<init>(Unknown Source)
	at java.util.regex.Pattern.compile(Unknown Source)
	at java.lang.String.replaceAll(Unknown Source)
	at org.cybergea.dbmanager.provider.CropData.getProductbySeason(CropData.java:102)
	at org.cybergea.dbmanager.Activator.start(Activator.java:32)
	at org.eclipse.osgi.internal.framework.BundleContextImpl$3.run(BundleContextImpl.java:779)
	at org.eclipse.osgi.internal.framework.BundleContextImpl$3.run(BundleContextImpl.java:1)
	at java.security.AccessController.doPrivileged(Native Method)
	at org.eclipse.osgi.internal.framework.BundleContextImpl.startActivator(BundleContextImpl.java:772)
	at org.eclipse.osgi.internal.framework.BundleContextImpl.start(BundleContextImpl.java:729)
	at org.eclipse.osgi.internal.framework.EquinoxBundle.startWorker0(EquinoxBundle.java:933)
	at org.eclipse.osgi.internal.framework.EquinoxBundle$EquinoxModule.startWorker(EquinoxBundle.java:309)
	at org.eclipse.osgi.container.Module.doStart(Module.java:581)
	at org.eclipse.osgi.container.Module.start(Module.java:449)
	at org.eclipse.osgi.container.ModuleContainer$ContainerStartLevel.incStartLevel(ModuleContainer.java:1634)
	at org.eclipse.osgi.container.ModuleContainer$ContainerStartLevel.incStartLevel(ModuleContainer.java:1614)
	at org.eclipse.osgi.container.ModuleContainer$ContainerStartLevel.doContainerStartLevel(ModuleContainer.java:1585)
	at org.eclipse.osgi.container.SystemModule.startWorker(SystemModule.java:264)
	at org.eclipse.osgi.container.Module.doStart(Module.java:581)
	at org.eclipse.osgi.container.Module.start(Module.java:449)
	at org.eclipse.osgi.container.SystemModule.start(SystemModule.java:188)
	at org.eclipse.osgi.internal.framework.EquinoxBundle.start(EquinoxBundle.java:383)
	at org.eclipse.osgi.internal.framework.EquinoxBundle.start(EquinoxBundle.java:402)
	at org.eclipse.osgi.launch.Equinox.start(Equinox.java:115)
	at org.eclipse.core.runtime.adaptor.EclipseStarter.startup(EclipseStarter.java:326)
	at org.eclipse.core.runtime.adaptor.EclipseStarter.run(EclipseStarter.java:239)
	at sun.reflect.NativeMethodAccessorImpl.invoke0(Native Method)
	at sun.reflect.NativeMethodAccessorImpl.invoke(Unknown Source)
	at sun.reflect.DelegatingMethodAccessorImpl.invoke(Unknown Source)
	at java.lang.reflect.Method.invoke(Unknown Source)
	at org.eclipse.equinox.launcher.Main.invokeFramework(Main.java:653)
	at org.eclipse.equinox.launcher.Main.basicRun(Main.java:590)
	at org.eclipse.equinox.launcher.Main.run(Main.java:1499)
	at org.eclipse.equinox.launcher.Main.main(Main.java:1472)

!ENTRY org.cyberGea.datAnalyzer 4 0 2018-01-13 08:56:33.295
!MESSAGE FrameworkEvent ERROR
!STACK 0
org.osgi.framework.BundleException: Exception in org.cybergea.datanalyzer.Activator.start() of bundle org.cyberGea.datAnalyzer.
	at org.eclipse.osgi.internal.framework.BundleContextImpl.startActivator(BundleContextImpl.java:800)
	at org.eclipse.osgi.internal.framework.BundleContextImpl.start(BundleContextImpl.java:729)
	at org.eclipse.osgi.internal.framework.EquinoxBundle.startWorker0(EquinoxBundle.java:933)
	at org.eclipse.osgi.internal.framework.EquinoxBundle$EquinoxModule.startWorker(EquinoxBundle.java:309)
	at org.eclipse.osgi.container.Module.doStart(Module.java:581)
	at org.eclipse.osgi.container.Module.start(Module.java:449)
	at org.eclipse.osgi.container.ModuleContainer$ContainerStartLevel.incStartLevel(ModuleContainer.java:1634)
	at org.eclipse.osgi.container.ModuleContainer$ContainerStartLevel.incStartLevel(ModuleContainer.java:1614)
	at org.eclipse.osgi.container.ModuleContainer$ContainerStartLevel.doContainerStartLevel(ModuleContainer.java:1585)
	at org.eclipse.osgi.container.ModuleContainer$ContainerStartLevel.dispatchEvent(ModuleContainer.java:1528)
	at org.eclipse.osgi.container.ModuleContainer$ContainerStartLevel.dispatchEvent(ModuleContainer.java:1)
	at org.eclipse.osgi.framework.eventmgr.EventManager.dispatchEvent(EventManager.java:230)
	at org.eclipse.osgi.framework.eventmgr.EventManager$EventThread.run(EventManager.java:340)
Caused by: java.lang.NullPointerException: A null service reference is not allowed.
	at org.eclipse.osgi.internal.framework.BundleContextImpl.getService(BundleContextImpl.java:622)
	at org.cybergea.datanalyzer.Activator.start(Activator.java:39)
	at org.eclipse.osgi.internal.framework.BundleContextImpl$3.run(BundleContextImpl.java:779)
	at org.eclipse.osgi.internal.framework.BundleContextImpl$3.run(BundleContextImpl.java:1)
	at java.security.AccessController.doPrivileged(Native Method)
	at org.eclipse.osgi.internal.framework.BundleContextImpl.startActivator(BundleContextImpl.java:772)
	... 12 more
Root exception:
java.lang.NullPointerException: A null service reference is not allowed.
	at org.eclipse.osgi.internal.framework.BundleContextImpl.getService(BundleContextImpl.java:622)
	at org.cybergea.datanalyzer.Activator.start(Activator.java:39)
	at org.eclipse.osgi.internal.framework.BundleContextImpl$3.run(BundleContextImpl.java:779)
	at org.eclipse.osgi.internal.framework.BundleContextImpl$3.run(BundleContextImpl.java:1)
	at java.security.AccessController.doPrivileged(Native Method)
	at org.eclipse.osgi.internal.framework.BundleContextImpl.startActivator(BundleContextImpl.java:772)
	at org.eclipse.osgi.internal.framework.BundleContextImpl.start(BundleContextImpl.java:729)
	at org.eclipse.osgi.internal.framework.EquinoxBundle.startWorker0(EquinoxBundle.java:933)
	at org.eclipse.osgi.internal.framework.EquinoxBundle$EquinoxModule.startWorker(EquinoxBundle.java:309)
	at org.eclipse.osgi.container.Module.doStart(Module.java:581)
	at org.eclipse.osgi.container.Module.start(Module.java:449)
	at org.eclipse.osgi.container.ModuleContainer$ContainerStartLevel.incStartLevel(ModuleContainer.java:1634)
	at org.eclipse.osgi.container.ModuleContainer$ContainerStartLevel.incStartLevel(ModuleContainer.java:1614)
	at org.eclipse.osgi.container.ModuleContainer$ContainerStartLevel.doContainerStartLevel(ModuleContainer.java:1585)
	at org.eclipse.osgi.container.ModuleContainer$ContainerStartLevel.dispatchEvent(ModuleContainer.java:1528)
	at org.eclipse.osgi.container.ModuleContainer$ContainerStartLevel.dispatchEvent(ModuleContainer.java:1)
	at org.eclipse.osgi.framework.eventmgr.EventManager.dispatchEvent(EventManager.java:230)
	at org.eclipse.osgi.framework.eventmgr.EventManager$EventThread.run(EventManager.java:340)

!ENTRY org.eclipse.osgi 4 0 2018-01-13 08:56:33.864
!MESSAGE Bundle org.cyberGea.datAnalyzer_1.0.0.qualifier [25] is not active.

!ENTRY org.eclipse.osgi 4 0 2018-01-13 08:56:33.928
!MESSAGE Bundle org.cyberGea.dbManager_1.0.0.qualifier [28] is not active.
